TN:
SF:src\controllers\contract.controller.js
FN:11,(anonymous_0)
FN:39,(anonymous_1)
FN:61,(anonymous_2)
FN:76,(anonymous_3)
FN:89,(anonymous_4)
FN:90,(anonymous_5)
FN:91,(anonymous_6)
FN:103,(anonymous_7)
FN:130,(anonymous_8)
FNF:9
FNH:7
FNDA:3,(anonymous_0)
FNDA:2,(anonymous_1)
FNDA:2,(anonymous_2)
FNDA:2,(anonymous_3)
FNDA:2,(anonymous_4)
FNDA:2,(anonymous_5)
FNDA:2,(anonymous_6)
FNDA:0,(anonymous_7)
FNDA:0,(anonymous_8)
DA:1,2
DA:3,2
DA:12,3
DA:13,3
DA:14,3
DA:15,3
DA:16,2
DA:22,1
DA:23,1
DA:25,1
DA:31,0
DA:32,0
DA:40,2
DA:41,2
DA:42,2
DA:44,1
DA:53,1
DA:54,1
DA:62,2
DA:63,2
DA:65,2
DA:66,1
DA:72,1
DA:73,1
DA:76,2
DA:84,1
DA:89,2
DA:90,2
DA:91,2
DA:95,0
DA:96,0
DA:104,0
DA:105,0
DA:106,0
DA:108,0
DA:109,0
DA:115,0
DA:117,0
DA:122,0
DA:123,0
DA:131,0
DA:132,0
DA:133,0
DA:135,0
DA:136,0
DA:142,0
DA:144,0
DA:150,0
DA:151,0
DA:159,2
LF:50
LH:28
BRDA:15,0,0,2
BRDA:15,0,1,1
BRDA:15,1,0,3
BRDA:15,1,1,2
BRDA:34,2,0,0
BRDA:34,2,1,0
BRDA:54,3,0,1
BRDA:54,3,1,0
BRDA:56,4,0,1
BRDA:56,4,1,0
BRDA:65,5,0,1
BRDA:65,5,1,1
BRDA:98,6,0,0
BRDA:98,6,1,0
BRDA:108,7,0,0
BRDA:108,7,1,0
BRDA:108,8,0,0
BRDA:108,8,1,0
BRDA:123,9,0,0
BRDA:123,9,1,0
BRDA:125,10,0,0
BRDA:125,10,1,0
BRDA:135,11,0,0
BRDA:135,11,1,0
BRDA:146,12,0,0
BRDA:146,12,1,0
BRDA:153,13,0,0
BRDA:153,13,1,0
BRF:28
BRH:8
end_of_record
TN:
SF:src\controllers\upload.controller.js
FN:5,(anonymous_0)
FNF:1
FNH:1
FNDA:6,(anonymous_0)
DA:1,2
DA:2,2
DA:3,2
DA:5,2
DA:6,6
DA:7,6
DA:9,6
DA:10,6
DA:11,1
DA:14,5
DA:17,3
DA:19,2
DA:20,2
DA:22,3
DA:23,3
DA:28,2
LF:16
LH:16
BRDA:10,0,0,1
BRDA:10,0,1,5
BRF:2
BRH:2
end_of_record
TN:
SF:src\controllers\user.controller.js
FN:3,(anonymous_0)
FN:28,(anonymous_1)
FN:53,(anonymous_2)
FN:86,(anonymous_3)
FN:113,(anonymous_4)
FN:155,(anonymous_5)
FN:170,(anonymous_6)
FN:197,(anonymous_7)
FN:223,(anonymous_8)
FNF:9
FNH:8
FNDA:3,(anonymous_0)
FNDA:2,(anonymous_1)
FNDA:3,(anonymous_2)
FNDA:2,(anonymous_3)
FNDA:3,(anonymous_4)
FNDA:0,(anonymous_5)
FNDA:2,(anonymous_6)
FNDA:2,(anonymous_7)
FNDA:2,(anonymous_8)
DA:1,2
DA:3,2
DA:4,3
DA:5,3
DA:6,3
DA:8,2
DA:9,1
DA:15,1
DA:20,1
DA:21,1
DA:28,2
DA:29,2
DA:30,2
DA:31,2
DA:33,2
DA:34,1
DA:40,1
DA:45,0
DA:46,0
DA:53,2
DA:54,3
DA:55,3
DA:57,3
DA:58,1
DA:64,2
DA:66,2
DA:67,1
DA:73,1
DA:78,0
DA:79,0
DA:86,2
DA:87,2
DA:88,2
DA:90,2
DA:92,1
DA:97,1
DA:99,1
DA:100,1
DA:106,0
DA:113,2
DA:114,3
DA:115,3
DA:117,3
DA:120,3
DA:121,1
DA:127,2
DA:128,1
DA:135,1
DA:142,1
DA:144,1
DA:146,1
DA:151,0
DA:154,0
DA:155,0
DA:156,0
DA:163,0
DA:170,2
DA:171,2
DA:172,2
DA:173,2
DA:175,2
DA:177,2
DA:178,1
DA:184,1
DA:189,0
DA:190,0
DA:197,2
DA:198,2
DA:199,2
DA:201,2
DA:203,2
DA:204,1
DA:210,1
DA:215,0
DA:216,0
DA:223,2
DA:224,2
DA:225,2
DA:226,2
DA:228,2
DA:229,1
DA:235,1
DA:240,0
DA:241,0
DA:248,2
LF:85
LH:69
BRDA:8,0,0,1
BRDA:8,0,1,1
BRDA:33,1,0,1
BRDA:33,1,1,1
BRDA:57,2,0,1
BRDA:57,2,1,2
BRDA:66,3,0,1
BRDA:66,3,1,1
BRDA:99,4,0,1
BRDA:99,4,1,0
BRDA:99,5,0,1
BRDA:99,5,1,0
BRDA:120,6,0,1
BRDA:120,6,1,2
BRDA:127,7,0,1
BRDA:127,7,1,1
BRDA:138,8,0,1
BRDA:138,8,1,0
BRDA:138,8,2,0
BRDA:139,9,0,1
BRDA:139,9,1,0
BRDA:139,9,2,0
BRDA:154,10,0,0
BRDA:154,10,1,0
BRDA:177,11,0,1
BRDA:177,11,1,1
BRDA:203,12,0,1
BRDA:203,12,1,1
BRDA:228,13,0,1
BRDA:228,13,1,1
BRF:30
BRH:22
end_of_record
TN:
SF:src\models\analysis.js
FN:90,(anonymous_0)
FNF:1
FNH:0
FNDA:0,(anonymous_0)
DA:1,1
DA:2,1
DA:46,1
DA:91,0
DA:92,0
DA:96,1
LF:6
LH:4
BRDA:96,0,0,1
BRDA:96,0,1,1
BRF:2
BRH:2
end_of_record
TN:
SF:src\models\contract.js
FN:73,(anonymous_0)
FN:89,(anonymous_1)
FNF:2
FNH:0
FNDA:0,(anonymous_0)
FNDA:0,(anonymous_1)
DA:1,1
DA:2,1
DA:4,1
DA:53,1
DA:73,1
DA:74,0
DA:75,0
DA:77,0
DA:82,0
DA:89,1
DA:90,0
DA:92,0
DA:108,1
LF:13
LH:7
BRDA:75,0,0,0
BRDA:75,0,1,0
BRDA:108,1,0,1
BRDA:108,1,1,1
BRF:4
BRH:2
end_of_record
TN:
SF:src\models\subscription.js
FNF:0
FNH:0
DA:1,0
DA:3,0
DA:30,0
LF:3
LH:0
BRDA:30,0,0,0
BRDA:30,0,1,0
BRF:2
BRH:0
end_of_record
TN:
SF:src\models\user.js
FNF:0
FNH:0
DA:1,1
DA:2,1
DA:4,1
DA:54,1
DA:55,1
DA:56,1
DA:59,1
LF:7
LH:7
BRDA:59,0,0,1
BRDA:59,0,1,1
BRF:2
BRH:2
end_of_record
TN:
SF:src\routes\contract.route.js
FNF:0
FNH:0
DA:1,2
DA:2,2
DA:3,2
DA:5,2
DA:6,2
DA:7,2
DA:8,2
DA:12,2
LF:8
LH:8
BRF:0
BRH:0
end_of_record
TN:
SF:src\routes\upload.route.js
FNF:0
FNH:0
DA:13,1
DA:14,1
DA:15,1
DA:17,1
DA:18,1
DA:20,1
DA:22,1
LF:7
LH:7
BRF:0
BRH:0
end_of_record
TN:
SF:src\routes\user.route.js
FNF:0
FNH:0
DA:1,1
DA:2,1
DA:3,1
DA:6,1
DA:7,1
DA:8,1
DA:9,1
DA:10,1
DA:11,1
DA:12,1
DA:13,1
DA:15,1
LF:12
LH:12
BRF:0
BRH:0
end_of_record
TN:
SF:src\services\contract.service.js
FN:13,(anonymous_0)
FN:20,(anonymous_1)
FN:32,(anonymous_2)
FN:80,(anonymous_3)
FN:158,(anonymous_4)
FN:208,(anonymous_5)
FN:218,(anonymous_6)
FN:231,(anonymous_7)
FN:255,(anonymous_8)
FN:269,(anonymous_9)
FN:337,(anonymous_10)
FN:340,(anonymous_11)
FN:347,(anonymous_12)
FN:413,(anonymous_13)
FN:460,(anonymous_14)
FN:468,(anonymous_15)
FN:483,(anonymous_16)
FNF:17
FNH:11
FNDA:4,(anonymous_0)
FNDA:2,(anonymous_1)
FNDA:2,(anonymous_2)
FNDA:0,(anonymous_3)
FNDA:0,(anonymous_4)
FNDA:2,(anonymous_5)
FNDA:1,(anonymous_6)
FNDA:0,(anonymous_7)
FNDA:1,(anonymous_8)
FNDA:1,(anonymous_9)
FNDA:5,(anonymous_10)
FNDA:5,(anonymous_11)
FNDA:1,(anonymous_12)
FNDA:0,(anonymous_13)
FNDA:0,(anonymous_14)
FNDA:0,(anonymous_15)
FNDA:4,(anonymous_16)
DA:1,2
DA:2,2
DA:3,2
DA:4,2
DA:5,2
DA:7,2
DA:8,2
DA:14,4
DA:21,2
DA:25,2
DA:26,1
DA:29,1
DA:33,2
DA:34,2
DA:36,2
DA:37,2
DA:40,2
DA:48,2
DA:49,1
DA:50,1
DA:59,1
DA:67,1
DA:76,1
DA:77,1
DA:80,1
DA:81,0
DA:83,0
DA:89,1
DA:96,0
DA:97,0
DA:99,2
DA:159,0
DA:160,0
DA:165,0
DA:166,0
DA:168,0
DA:170,0
DA:171,0
DA:209,2
DA:210,2
DA:211,1
DA:214,1
DA:218,1
DA:224,1
DA:232,0
DA:256,1
DA:257,1
DA:259,1
DA:260,1
DA:261,1
DA:262,0
DA:266,1
DA:269,1
DA:274,1
DA:285,1
DA:295,1
DA:296,1
DA:298,0
DA:299,0
DA:300,0
DA:302,1
DA:338,5
DA:340,5
DA:342,4
DA:343,3
DA:344,1
DA:348,1
DA:349,0
DA:351,1
DA:352,0
DA:354,1
DA:355,0
DA:357,1
DA:358,0
DA:360,1
DA:414,0
DA:415,0
DA:418,0
DA:419,0
DA:420,0
DA:440,0
DA:441,0
DA:445,0
DA:448,0
DA:449,0
DA:450,0
DA:451,0
DA:458,0
DA:460,0
DA:463,0
DA:469,0
DA:470,0
DA:475,0
DA:476,0
DA:478,0
DA:479,0
DA:484,4
DA:486,4
DA:487,2
DA:488,1
DA:490,1
DA:494,2
DA:495,1
DA:496,1
DA:499,1
DA:501,1
DA:502,1
DA:512,2
LF:108
LH:67
BRDA:25,0,0,1
BRDA:25,0,1,1
BRDA:48,1,0,1
BRDA:48,1,1,1
BRDA:210,2,0,1
BRDA:210,2,1,1
BRDA:220,3,0,1
BRDA:220,3,1,0
BRDA:221,4,0,1
BRDA:221,4,1,0
BRDA:261,5,0,0
BRDA:261,5,1,1
BRDA:269,6,0,1
BRDA:269,6,1,0
BRDA:270,7,0,1
BRDA:270,7,1,0
BRDA:338,8,0,1
BRDA:338,8,1,4
BRDA:342,9,0,1
BRDA:342,9,1,3
BRDA:343,10,0,2
BRDA:343,10,1,1
BRDA:343,11,0,3
BRDA:343,11,1,3
BRDA:348,12,0,0
BRDA:348,12,1,1
BRDA:348,13,0,1
BRDA:348,13,1,0
BRDA:351,14,0,0
BRDA:351,14,1,1
BRDA:351,15,0,1
BRDA:351,15,1,0
BRDA:354,16,0,0
BRDA:354,16,1,1
BRDA:354,17,0,1
BRDA:354,17,1,0
BRDA:355,18,0,0
BRDA:355,18,1,0
BRDA:357,19,0,0
BRDA:357,19,1,1
BRDA:357,20,0,1
BRDA:357,20,1,0
BRDA:440,21,0,0
BRDA:440,21,1,0
BRDA:450,22,0,0
BRDA:450,22,1,0
BRDA:486,23,0,2
BRDA:486,23,1,2
BRDA:486,24,0,4
BRDA:486,24,1,2
BRDA:487,25,0,1
BRDA:487,25,1,1
BRDA:494,26,0,1
BRDA:494,26,1,1
BRF:54
BRH:35
end_of_record
TN:
SF:src\services\upload.service.js
FN:6,(anonymous_0)
FNF:1
FNH:1
FNDA:6,(anonymous_0)
DA:1,2
DA:2,2
DA:3,2
DA:4,2
DA:6,2
DA:7,6
DA:8,6
DA:10,6
DA:11,3
DA:12,3
DA:13,2
DA:16,3
DA:19,2
DA:20,1
DA:23,1
DA:24,1
DA:27,2
LF:17
LH:17
BRDA:10,0,0,3
BRDA:10,0,1,3
BRDA:16,1,0,2
BRDA:16,1,1,1
BRF:4
BRH:4
end_of_record
TN:
SF:src\services\user.service.js
FN:4,(anonymous_0)
FN:12,(anonymous_1)
FN:16,(anonymous_2)
FN:20,(anonymous_3)
FN:24,(anonymous_4)
FN:36,(anonymous_5)
FN:98,(anonymous_6)
FN:105,(anonymous_7)
FNF:8
FNH:4
FNDA:4,(anonymous_0)
FNDA:0,(anonymous_1)
FNDA:0,(anonymous_2)
FNDA:0,(anonymous_3)
FNDA:2,(anonymous_4)
FNDA:3,(anonymous_5)
FNDA:1,(anonymous_6)
FNDA:0,(anonymous_7)
DA:1,2
DA:5,4
DA:6,4
DA:7,0
DA:9,4
DA:13,0
DA:17,0
DA:21,0
DA:26,2
DA:27,2
DA:28,1
DA:31,1
DA:32,1
DA:33,1
DA:37,3
DA:38,3
DA:41,3
DA:48,3
DA:51,3
DA:52,0
DA:54,3
DA:55,1
DA:57,2
DA:58,0
DA:60,2
DA:61,0
DA:65,2
DA:72,2
DA:73,1
DA:74,1
DA:78,1
DA:86,1
DA:87,1
DA:88,1
DA:90,1
DA:92,1
DA:93,1
DA:99,1
DA:106,0
DA:110,2
LF:40
LH:32
BRDA:4,0,0,4
BRDA:6,1,0,0
BRDA:6,1,1,4
BRDA:27,2,0,1
BRDA:27,2,1,1
BRDA:42,3,0,3
BRDA:42,3,1,0
BRDA:43,4,0,2
BRDA:43,4,1,1
BRDA:44,5,0,2
BRDA:44,5,1,1
BRDA:44,6,0,0
BRDA:44,6,1,1
BRDA:45,7,0,2
BRDA:45,7,1,1
BRDA:45,8,0,0
BRDA:45,8,1,1
BRDA:51,9,0,0
BRDA:51,9,1,3
BRDA:54,10,0,1
BRDA:54,10,1,2
BRDA:57,11,0,0
BRDA:57,11,1,2
BRDA:60,12,0,0
BRDA:60,12,1,2
BRDA:72,13,0,1
BRDA:72,13,1,1
BRF:27
BRH:20
end_of_record
